2026-03-17 01:00:18  Kwork Inbox Monitor ishga tushdi
2026-03-17 01:00:18  Interval: 2 daqiqa
2026-03-17 01:00:29  Login OK → https://kwork.ru/seller
2026-03-17 01:00:29  Boshlang'ich holat yuklanmoqda...
2026-03-17 01:00:30  Inbox: 50 suhbat
2026-03-17 01:00:30  Yangi xabar yo'q
2026-03-17 01:00:30  Tayyor. Monitoring boshlandi.
2026-03-17 01:00:30  Keyingi tekshiruv: 2 daqiqadan keyin
2026-03-17 01:02:30  Inbox tekshirilmoqda...
2026-03-17 01:02:32  Inbox: 50 suhbat
2026-03-17 01:02:32  Yangi xabar yo'q
2026-03-17 01:02:32  Keyingi tekshiruv: 2 daqiqadan keyin
2026-03-17 01:04:32  Inbox tekshirilmoqda...
2026-03-17 01:04:35  Inbox: 50 suhbat
2026-03-17 01:04:35  Yangi xabar yo'q
2026-03-17 01:04:35  Keyingi tekshiruv: 2 daqiqadan keyin
2026-03-17 01:06:35  Inbox tekshirilmoqda...
2026-03-17 01:06:37  Inbox: 50 suhbat
2026-03-17 01:06:37  Yangi xabar yo'q
2026-03-17 01:06:37  Keyingi tekshiruv: 2 daqiqadan keyin
2026-03-17 01:08:37  Inbox tekshirilmoqda...
2026-03-17 01:08:39  Inbox: 50 suhbat
2026-03-17 01:08:39  Yangi xabar yo'q
2026-03-17 01:08:39  Keyingi tekshiruv: 2 daqiqadan keyin
2026-03-17 01:10:39  Inbox tekshirilmoqda...
2026-03-17 01:10:41  Inbox: 50 suhbat
2026-03-17 01:10:41  Yangi xabar yo'q
2026-03-17 01:10:41  Keyingi tekshiruv: 2 daqiqadan keyin
2026-03-17 01:12:41  Inbox tekshirilmoqda...
2026-03-17 01:12:43  Inbox: 50 suhbat
2026-03-17 01:12:43  Yangi xabar yo'q
2026-03-17 01:12:43  Keyingi tekshiruv: 2 daqiqadan keyin
2026-03-17 01:14:43  Inbox tekshirilmoqda...
2026-03-17 01:14:45  Inbox: 50 suhbat
2026-03-17 01:14:45  Yangi xabar yo'q
2026-03-17 01:14:45  Keyingi tekshiruv: 2 daqiqadan keyin
2026-03-17 01:16:45  Inbox tekshirilmoqda...
2026-03-17 01:16:48  Inbox: 50 suhbat
2026-03-17 01:16:48  Yangi xabar yo'q
2026-03-17 01:16:48  Keyingi tekshiruv: 2 daqiqadan keyin
2026-03-17 01:18:48  Inbox tekshirilmoqda...
2026-03-17 01:18:50  Inbox: 50 suhbat
2026-03-17 01:18:50  Yangi xabar yo'q
2026-03-17 01:18:50  Keyingi tekshiruv: 2 daqiqadan keyin
2026-03-17 01:52:05  Inbox tekshirilmoqda...
2026-03-17 01:52:17  Inbox: 50 suhbat
2026-03-17 01:52:17  Yangi xabar yo'q
2026-03-17 01:52:17  Keyingi tekshiruv: 2 daqiqadan keyin
2026-03-17 02:40:33  Inbox tekshirilmoqda...
2026-03-17 02:41:03  Xato: Page.goto: Timeout 30000ms exceeded.
Call log:
  - navigating to "https://kwork.ru/inbox", waiting until "load"

2026-03-17 02:56:46  Keyingi tekshiruv: 2 daqiqadan keyin
2026-03-17 03:20:26  Inbox tekshirilmoqda...
2026-03-17 03:36:12  Xato: Page.goto: Timeout 30000ms exceeded.
Call log:
  - navigating to "https://kwork.ru/inbox", waiting until "load"

2026-03-17 03:36:42  Keyingi tekshiruv: 2 daqiqadan keyin
2026-03-17 04:21:10  Inbox tekshirilmoqda...
2026-03-17 04:21:40  Xato: Page.goto: Timeout 30000ms exceeded.
Call log:
  - navigating to "https://kwork.ru/inbox", waiting until "load"

2026-03-17 04:37:13  Keyingi tekshiruv: 2 daqiqadan keyin
2026-03-17 05:10:05  Inbox tekshirilmoqda...
2026-03-17 05:22:03  Xato: Page.goto: Timeout 30000ms exceeded.
Call log:
  - navigating to "https://kwork.ru/inbox", waiting until "load"

2026-03-17 05:22:33  Keyingi tekshiruv: 2 daqiqadan keyin
2026-03-17 06:10:48  Inbox tekshirilmoqda...
2026-03-17 06:11:18  Xato: Page.goto: Timeout 30000ms exceeded.
Call log:
  - navigating to "https://kwork.ru/inbox", waiting until "load"

2026-03-17 06:23:04  Keyingi tekshiruv: 2 daqiqadan keyin
2026-03-17 06:55:55  Inbox tekshirilmoqda...
2026-03-17 07:11:42  Xato: Page.goto: Timeout 30000ms exceeded.
Call log:
  - navigating to "https://kwork.ru/inbox", waiting until "load"

2026-03-17 07:12:12  Keyingi tekshiruv: 2 daqiqadan keyin
2026-03-17 07:42:47  Inbox tekshirilmoqda...
2026-03-17 07:42:47  Xato: Page.goto: net::ERR_INTERNET_DISCONNECTED at https://kwork.ru/inbox
Call log:
  - navigating to "https://kwork.ru/inbox", waiting until "load"

2026-03-17 07:42:47  Keyingi tekshiruv: 2 daqiqadan keyin
2026-03-17 08:25:41  Inbox tekshirilmoqda...
2026-03-17 08:25:41  Xato: Page.goto: net::ERR_INTERNET_DISCONNECTED at https://kwork.ru/inbox
Call log:
  - navigating to "https://kwork.ru/inbox", waiting until "load"

2026-03-17 08:25:41  Keyingi tekshiruv: 2 daqiqadan keyin
2026-03-17 08:48:46  Inbox tekshirilmoqda...
2026-03-17 08:48:49  Inbox: 50 suhbat
2026-03-17 08:48:49    → Xabar yuborildi: dragovichoficial | Документация API g-engine есть , хотелось бы конкретно для н
2026-03-17 08:48:50  Keyingi tekshiruv: 2 daqiqadan keyin
2026-03-17 08:50:50  Inbox tekshirilmoqda...
2026-03-17 08:50:52  Inbox: 50 suhbat
2026-03-17 08:50:52  Yangi xabar yo'q
2026-03-17 08:50:52  Keyingi tekshiruv: 2 daqiqadan keyin
2026-03-17 08:52:52  Inbox tekshirilmoqda...
2026-03-17 08:52:55  Inbox: 50 suhbat
2026-03-17 08:52:55  Yangi xabar yo'q
2026-03-17 08:52:55  Keyingi tekshiruv: 2 daqiqadan keyin
2026-03-17 08:54:55  Inbox tekshirilmoqda...
2026-03-17 08:54:57  Inbox: 50 suhbat
2026-03-17 08:54:57  Yangi xabar yo'q
2026-03-17 08:54:57  Keyingi tekshiruv: 2 daqiqadan keyin
2026-03-17 08:56:57  Inbox tekshirilmoqda...
2026-03-17 08:56:59  Inbox: 50 suhbat
2026-03-17 08:56:59  Yangi xabar yo'q
2026-03-17 08:56:59  Keyingi tekshiruv: 2 daqiqadan keyin
2026-03-17 08:58:59  Inbox tekshirilmoqda...
2026-03-17 08:59:01  Inbox: 50 suhbat
2026-03-17 08:59:02  Yangi xabar yo'q
2026-03-17 08:59:02  Keyingi tekshiruv: 2 daqiqadan keyin
2026-03-17 10:39:47  Inbox tekshirilmoqda...
2026-03-17 10:39:47  Xato: Page.goto: net::ERR_INTERNET_DISCONNECTED at https://kwork.ru/inbox
Call log:
  - navigating to "https://kwork.ru/inbox", waiting until "load"

2026-03-17 10:39:48  Keyingi tekshiruv: 2 daqiqadan keyin
2026-03-17 12:01:48  Inbox tekshirilmoqda...
2026-03-17 12:01:48  Xato: Page.goto: net::ERR_INTERNET_DISCONNECTED at https://kwork.ru/inbox
Call log:
  - navigating to "https://kwork.ru/inbox", waiting until "load"

2026-03-17 12:01:48  Keyingi tekshiruv: 2 daqiqadan keyin
2026-03-17 14:09:41  Inbox tekshirilmoqda...
2026-03-17 14:09:41  Xato: Page.goto: net::ERR_INTERNET_DISCONNECTED at https://kwork.ru/inbox
Call log:
  - navigating to "https://kwork.ru/inbox", waiting until "load"

2026-03-17 14:09:41  Keyingi tekshiruv: 2 daqiqadan keyin
2026-03-17 14:35:21  Inbox tekshirilmoqda...
2026-03-17 14:35:21  Xato: Page.goto: net::ERR_INTERNET_DISCONNECTED at https://kwork.ru/inbox
Call log:
  - navigating to "https://kwork.ru/inbox", waiting until "load"

2026-03-17 14:35:21  Keyingi tekshiruv: 2 daqiqadan keyin
2026-03-17 14:45:38  Inbox tekshirilmoqda...
2026-03-17 14:45:38  Xato: Page.goto: net::ERR_INTERNET_DISCONNECTED at https://kwork.ru/inbox
Call log:
  - navigating to "https://kwork.ru/inbox", waiting until "load"

2026-03-17 14:45:38  Keyingi tekshiruv: 2 daqiqadan keyin
2026-03-17 14:58:18  Inbox tekshirilmoqda...
2026-03-17 14:58:18  Xato: Page.goto: net::ERR_INTERNET_DISCONNECTED at https://kwork.ru/inbox
Call log:
  - navigating to "https://kwork.ru/inbox", waiting until "load"

2026-03-17 14:58:18  Keyingi tekshiruv: 2 daqiqadan keyin
2026-03-17 15:03:23  Inbox tekshirilmoqda...
2026-03-17 15:03:23  Xato: Page.goto: net::ERR_INTERNET_DISCONNECTED at https://kwork.ru/inbox
Call log:
  - navigating to "https://kwork.ru/inbox", waiting until "load"

2026-03-17 15:03:23  Keyingi tekshiruv: 2 daqiqadan keyin
2026-03-17 15:36:36  Inbox tekshirilmoqda...
2026-03-17 15:36:36  Xato: Page.goto: net::ERR_INTERNET_DISCONNECTED at https://kwork.ru/inbox
Call log:
  - navigating to "https://kwork.ru/inbox", waiting until "load"

2026-03-17 15:36:36  Keyingi tekshiruv: 2 daqiqadan keyin
2026-03-17 15:48:10  Inbox tekshirilmoqda...
2026-03-17 15:48:10  Xato: Page.goto: net::ERR_INTERNET_DISCONNECTED at https://kwork.ru/inbox
Call log:
  - navigating to "https://kwork.ru/inbox", waiting until "load"

2026-03-17 15:48:10  Keyingi tekshiruv: 2 daqiqadan keyin
2026-03-17 15:52:40  Inbox tekshirilmoqda...
2026-03-17 15:52:40  Xato: Page.goto: net::ERR_INTERNET_DISCONNECTED at https://kwork.ru/inbox
Call log:
  - navigating to "https://kwork.ru/inbox", waiting until "load"

2026-03-17 15:52:40  Keyingi tekshiruv: 2 daqiqadan keyin
2026-03-17 17:05:26  Inbox tekshirilmoqda...
2026-03-17 17:05:26  Xato: Page.goto: net::ERR_INTERNET_DISCONNECTED at https://kwork.ru/inbox
Call log:
  - navigating to "https://kwork.ru/inbox", waiting until "load"

2026-03-17 17:05:26  Keyingi tekshiruv: 2 daqiqadan keyin
2026-03-17 17:42:13  Inbox tekshirilmoqda...
2026-03-17 17:42:13  Xato: Page.goto: net::ERR_INTERNET_DISCONNECTED at https://kwork.ru/inbox
Call log:
  - navigating to "https://kwork.ru/inbox", waiting until "load"

2026-03-17 17:42:13  Keyingi tekshiruv: 2 daqiqadan keyin
2026-03-17 20:08:37  Inbox tekshirilmoqda...
2026-03-17 20:08:37  Xato: Page.goto: net::ERR_INTERNET_DISCONNECTED at https://kwork.ru/inbox
Call log:
  - navigating to "https://kwork.ru/inbox", waiting until "load"

2026-03-17 20:08:37  Keyingi tekshiruv: 2 daqiqadan keyin
2026-03-17 21:10:04  Inbox tekshirilmoqda...
2026-03-17 21:10:04  Xato: Page.goto: net::ERR_INTERNET_DISCONNECTED at https://kwork.ru/inbox
Call log:
  - navigating to "https://kwork.ru/inbox", waiting until "load"

2026-03-17 21:14:38  Keyingi tekshiruv: 2 daqiqadan keyin
2026-03-17 21:54:19  Inbox tekshirilmoqda...
2026-03-17 21:54:19  Xato: Page.goto: net::ERR_INTERNET_DISCONNECTED at https://kwork.ru/inbox
Call log:
  - navigating to "https://kwork.ru/inbox", waiting until "load"

2026-03-17 21:54:19  Keyingi tekshiruv: 2 daqiqadan keyin
2026-03-17 22:21:05  Inbox tekshirilmoqda...
2026-03-17 22:21:05  Xato: Page.goto: net::ERR_INTERNET_DISCONNECTED at https://kwork.ru/inbox
Call log:
  - navigating to "https://kwork.ru/inbox", waiting until "load"

2026-03-17 22:21:05  Keyingi tekshiruv: 2 daqiqadan keyin
2026-03-17 22:23:05  Inbox tekshirilmoqda...
2026-03-17 22:23:08  Inbox: 50 suhbat
2026-03-17 22:23:08    → Xabar yuborildi: wildtorneo | Добрый день! Пока да
2026-03-17 22:23:09    → Xabar yuborildi: bobur_akh | Xaa
2026-03-17 22:23:10  Keyingi tekshiruv: 2 daqiqadan keyin
2026-03-17 22:25:10  Inbox tekshirilmoqda...
2026-03-17 22:25:12  Inbox: 50 suhbat
2026-03-17 22:25:12  Yangi xabar yo'q
2026-03-17 22:25:12  Keyingi tekshiruv: 2 daqiqadan keyin
