2026-03-17 00:55:45  Kwork Monitor ishga tushdi
2026-03-17 00:55:45  Kuzatilayotgan: ['django', 'Python']
2026-03-17 00:55:45  Interval: 5 daqiqa
2026-03-17 00:55:53  Login OK → https://kwork.ru/seller
2026-03-17 00:55:53  Tekshirilmoqda...
2026-03-17 00:55:55  [django] 3 proekt topildi
2026-03-17 00:55:56    → Yuborildi: [3122519] Доработка ИИ-бота для Циан
2026-03-17 00:55:57    → Yuborildi: [3123618] Помощь в разработке сайта
2026-03-17 00:55:58    → Yuborildi: [3123014] Python Django. Доработка админ панели
2026-03-17 00:56:01  [Python] 8 proekt topildi
2026-03-17 00:56:02    → Yuborildi: [3122521] Разработать интернет каталог для врачей
2026-03-17 00:56:03    → Yuborildi: [3122307] Telegram-бот +AI
2026-03-17 00:56:05    → Yuborildi: [3123363] Полноценное внедрение ИИ в бизнес
2026-03-17 00:56:06    → Yuborildi: [3123380] Разработать Telegram-бота для авто-записи в ВЦ
2026-03-17 00:56:07    → Yuborildi: [3124274] Python-автоматизация, парсинг, работа с API
2026-03-17 00:56:09    → Yuborildi: [3063273] Сделать логику отправки товара после оплаты wordpress
2026-03-17 00:56:10    → Yuborildi: [3124131] Доработать проект
2026-03-17 00:56:11  Keyingi tekshiruv: 5 daqiqadan keyin
2026-03-17 01:01:11  Tekshirilmoqda...
2026-03-17 01:01:13  [django] 3 proekt topildi
2026-03-17 01:01:15  [Python] 8 proekt topildi
2026-03-17 01:01:15  Yangi proekt yo'q
2026-03-17 01:01:15  Keyingi tekshiruv: 5 daqiqadan keyin
2026-03-17 01:06:15  Tekshirilmoqda...
2026-03-17 01:06:18  [django] 3 proekt topildi
2026-03-17 01:06:19  [Python] 8 proekt topildi
2026-03-17 01:06:19  Yangi proekt yo'q
2026-03-17 01:06:19  Keyingi tekshiruv: 5 daqiqadan keyin
2026-03-17 01:11:19  Tekshirilmoqda...
2026-03-17 01:11:22  [django] 3 proekt topildi
2026-03-17 01:11:24  [Python] 8 proekt topildi
2026-03-17 01:11:24  Yangi proekt yo'q
2026-03-17 01:11:24  Keyingi tekshiruv: 5 daqiqadan keyin
2026-03-17 01:16:24  Tekshirilmoqda...
2026-03-17 01:16:26  [django] 3 proekt topildi
2026-03-17 01:16:28  [Python] 8 proekt topildi
2026-03-17 01:16:28  Yangi proekt yo'q
2026-03-17 01:16:28  Keyingi tekshiruv: 5 daqiqadan keyin
2026-03-17 01:52:43  Tekshirilmoqda...
2026-03-17 02:08:09  Xato: Page.goto: Timeout 30000ms exceeded.
Call log:
  - navigating to "https://kwork.ru/projects?keyword=django&a=1", waiting until "load"

2026-03-17 02:08:41  Keyingi tekshiruv: 5 daqiqadan keyin
2026-03-17 03:52:29  Tekshirilmoqda...
2026-03-17 03:52:59  Xato: Page.goto: Timeout 30000ms exceeded.
Call log:
  - navigating to "https://kwork.ru/projects?keyword=django&a=1", waiting until "load"

2026-03-17 04:09:16  Keyingi tekshiruv: 5 daqiqadan keyin
2026-03-17 05:54:37  Tekshirilmoqda...
2026-03-17 05:54:59  [django] 1 proekt topildi
2026-03-17 05:55:01  [Python] 4 proekt topildi
2026-03-17 05:55:01  Yangi proekt yo'q
2026-03-17 05:55:01  Keyingi tekshiruv: 5 daqiqadan keyin
2026-03-17 07:40:20  Tekshirilmoqda...
2026-03-17 07:40:43  [django] 1 proekt topildi
2026-03-17 07:40:45  [Python] 4 proekt topildi
2026-03-17 07:40:45  Yangi proekt yo'q
2026-03-17 07:40:45  Keyingi tekshiruv: 5 daqiqadan keyin
2026-03-17 08:49:17  Tekshirilmoqda...
2026-03-17 08:49:19  [django] 1 proekt topildi
2026-03-17 08:49:21  [Python] 4 proekt topildi
2026-03-17 08:49:21  Yangi proekt yo'q
2026-03-17 08:49:21  Keyingi tekshiruv: 5 daqiqadan keyin
2026-03-17 08:54:21  Tekshirilmoqda...
2026-03-17 08:54:23  [django] 1 proekt topildi
2026-03-17 08:54:25  [Python] 4 proekt topildi
2026-03-17 08:54:25  Yangi proekt yo'q
2026-03-17 08:54:25  Keyingi tekshiruv: 5 daqiqadan keyin
2026-03-17 08:59:50  Tekshirilmoqda...
2026-03-17 08:59:53  [django] 1 proekt topildi
2026-03-17 08:59:54  [Python] 4 proekt topildi
2026-03-17 08:59:54  Yangi proekt yo'q
2026-03-17 08:59:54  Keyingi tekshiruv: 5 daqiqadan keyin
2026-03-17 14:03:33  Tekshirilmoqda...
2026-03-17 14:03:33  Xato: Page.goto: net::ERR_INTERNET_DISCONNECTED at https://kwork.ru/projects?keyword=django&a=1
Call log:
  - navigating to "https://kwork.ru/projects?keyword=django&a=1", waiting until "load"

2026-03-17 14:03:34  Keyingi tekshiruv: 5 daqiqadan keyin
2026-03-17 14:49:55  Tekshirilmoqda...
2026-03-17 14:49:55  Xato: Page.goto: net::ERR_INTERNET_DISCONNECTED at https://kwork.ru/projects?keyword=django&a=1
Call log:
  - navigating to "https://kwork.ru/projects?keyword=django&a=1", waiting until "load"

2026-03-17 14:49:55  Keyingi tekshiruv: 5 daqiqadan keyin
2026-03-17 15:11:25  Tekshirilmoqda...
2026-03-17 15:11:25  Xato: Page.goto: net::ERR_INTERNET_DISCONNECTED at https://kwork.ru/projects?keyword=django&a=1
Call log:
  - navigating to "https://kwork.ru/projects?keyword=django&a=1", waiting until "load"

2026-03-17 15:11:25  Keyingi tekshiruv: 5 daqiqadan keyin
2026-03-17 16:04:27  Tekshirilmoqda...
2026-03-17 16:04:27  Xato: Page.goto: net::ERR_INTERNET_DISCONNECTED at https://kwork.ru/projects?keyword=django&a=1
Call log:
  - navigating to "https://kwork.ru/projects?keyword=django&a=1", waiting until "load"

2026-03-17 16:04:27  Keyingi tekshiruv: 5 daqiqadan keyin
2026-03-17 19:07:51  Tekshirilmoqda...
2026-03-17 19:07:51  Xato: Page.goto: net::ERR_INTERNET_DISCONNECTED at https://kwork.ru/projects?keyword=django&a=1
Call log:
  - navigating to "https://kwork.ru/projects?keyword=django&a=1", waiting until "load"

2026-03-17 19:07:51  Keyingi tekshiruv: 5 daqiqadan keyin
2026-03-17 21:54:47  Tekshirilmoqda...
2026-03-17 21:54:47  Xato: Page.goto: net::ERR_INTERNET_DISCONNECTED at https://kwork.ru/projects?keyword=django&a=1
Call log:
  - navigating to "https://kwork.ru/projects?keyword=django&a=1", waiting until "load"

2026-03-17 21:54:47  Keyingi tekshiruv: 5 daqiqadan keyin
2026-03-17 22:24:33  Tekshirilmoqda...
2026-03-17 22:24:35  [django] 2 proekt topildi
2026-03-17 22:24:36    → Yuborildi: [3124915] Разработка микросервиса
2026-03-17 22:24:39  [Python] 10 proekt topildi
2026-03-17 22:24:39    → Yuborildi: [3125131] Поднять API на базе python fastapi
2026-03-17 22:24:41    → Yuborildi: [3125152] Разработка Telegram-бота мониторинга новых объявлений
2026-03-17 22:24:42    → Yuborildi: [3125115] Python скрипт для Telegram Mini App прямая работа с API
2026-03-17 22:24:44    → Yuborildi: [3119258] Python: Docker задача- деплой модифицированного шаблона
2026-03-17 22:24:45    → Yuborildi: [3125259] Разработка бота автозаписи на защищённый сайт (VFS)
2026-03-17 22:24:47    → Yuborildi: [3124941] Разработать чат-бота SaleBot, GetCourse, AI для EdTech
2026-03-17 22:24:48    → Yuborildi: [3124987] Миграция с Kaiten на Битрикс24
2026-03-17 22:24:49  Keyingi tekshiruv: 5 daqiqadan keyin
