2026-03-17 01:01:35  Kwork Stay Online ishga tushdi
2026-03-17 01:01:35  Interval: 7-10 daqiqa
2026-03-17 01:01:43  Login OK → https://kwork.ru/seller
2026-03-17 01:01:48  Sahifa ko'rildi: https://kwork.ru/projects?a=1
2026-03-17 01:01:48  Keyingi sahifa: 7:34 dan keyin
2026-03-17 01:09:26  Sahifa ko'rildi: https://kwork.ru/seller
2026-03-17 01:09:26  Keyingi sahifa: 9:12 dan keyin
2026-03-17 01:18:44  Sahifa ko'rildi: https://kwork.ru/inbox
2026-03-17 01:18:44  Keyingi sahifa: 7:10 dan keyin
2026-03-17 03:20:37  Sahifa ko'rildi: https://kwork.ru/projects?keyword=django&a=1
2026-03-17 03:20:37  Keyingi sahifa: 9:13 dan keyin
2026-03-17 06:39:19  Sahifa ko'rildi: https://kwork.ru/projects?keyword=python&a=1
2026-03-17 06:39:19  Keyingi sahifa: 8:43 dan keyin
2026-03-17 08:49:34  Sahifa ko'rildi: https://kwork.ru/my-kworks
2026-03-17 08:49:34  Keyingi sahifa: 9:50 dan keyin
2026-03-17 08:59:55  Sahifa ko'rildi: https://kwork.ru/projects?a=1
2026-03-17 08:59:55  Keyingi sahifa: 8:26 dan keyin
2026-03-17 14:38:34  Sahifa xato [https://kwork.ru/seller]: Page.goto: net::ERR_INTERNET_DISCONNECTED at https://kwork.ru/seller
Call log:
  - navigating to "https://kwork.ru/seller", waiting until "load"

2026-03-17 14:38:34  Session tugagan, qayta login...
--------------------------------------------------
Traceback (most recent call last):
  File "/Users/nurmuhammad/Desktop/kwork-online/kwork_stay_online.py", line 100, in <module>
    await login(page)
    ^^^^^^^
  File "/opt/homebrew/Cellar/python@3.14/3.14.2/Frameworks/Python.framework/Versions/3.14/lib/python3.14/asyncio/runners.py", line 204, in run
    return runner.run(main)
           ~~~~~~~~~~^^^^^^
  File "/opt/homebrew/Cellar/python@3.14/3.14.2/Frameworks/Python.framework/Versions/3.14/lib/python3.14/asyncio/runners.py", line 127, in run
    return self._loop.run_until_complete(task)
           ~~~~~~~~~~~~~~~~~~~~~~~~~~~~~^^^^^^
  File "/opt/homebrew/Cellar/python@3.14/3.14.2/Frameworks/Python.framework/Versions/3.14/lib/python3.14/asyncio/base_events.py", line 719, in run_until_complete
    return future.result()
           ~~~~~~~~~~~~~^^
  File "/Users/nurmuhammad/Desktop/kwork-online/kwork_stay_online.py", line 91, in main
    while True:
            ^^^
  File "/Users/nurmuhammad/Desktop/kwork-online/kwork_stay_online.py", line 33, in login
    await page.goto("https://kwork.ru/login", timeout=60000, wait_until="domcontentloaded")
    ^^^^^^^^^^^^^^^^^^^^^^^^^^^^^^^^^^^^^^^^^^^^^^^^^^^^^^^^
  File "/Users/nurmuhammad/Desktop/kwork-online/venv/lib/python3.14/site-packages/playwright/async_api/_generated.py", line 9045, in goto
    await self._impl_obj.goto(
        url=url, timeout=timeout, waitUntil=wait_until, referer=referer
    )
  File "/Users/nurmuhammad/Desktop/kwork-online/venv/lib/python3.14/site-packages/playwright/_impl/_page.py", line 552, in goto
    return await self._main_frame.goto(**locals_to_params(locals()))
           ^^^^^^^^^^^^^^^^^^^^^^^^^^^^^^^^^^^^^^^^^^^^^^^^^^^^^^^^^
  File "/Users/nurmuhammad/Desktop/kwork-online/venv/lib/python3.14/site-packages/playwright/_impl/_frame.py", line 153, in goto
    await self._channel.send(
        "goto", self._navigation_timeout, locals_to_params(locals())
    )
  File "/Users/nurmuhammad/Desktop/kwork-online/venv/lib/python3.14/site-packages/playwright/_impl/_connection.py", line 69, in send
    return await self._connection.wrap_api_call(
           ^^^^^^^^^^^^^^^^^^^^^^^^^^^^^^^^^^^^^
    ...<3 lines>...
    )
    ^
  File "/Users/nurmuhammad/Desktop/kwork-online/venv/lib/python3.14/site-packages/playwright/_impl/_connection.py", line 559, in wrap_api_call
    raise rewrite_error(error, f"{parsed_st['apiName']}: {error}") from None
playwright._impl._errors.Error: Page.goto: net::ERR_INTERNET_DISCONNECTED at https://kwork.ru/login
Call log:
  - navigating to "https://kwork.ru/login", waiting until "load"

